#! /usr/bin/vvp
:ivl_version "12.0 (stable)" "(v12_0-dirty)";
:ivl_delay_selection "TYPICAL";
:vpi_time_precision + 0;
:vpi_module "/usr/lib/ivl/system.vpi";
:vpi_module "/usr/lib/ivl/vhdl_sys.vpi";
:vpi_module "/usr/lib/ivl/vhdl_textio.vpi";
:vpi_module "/usr/lib/ivl/v2005_math.vpi";
:vpi_module "/usr/lib/ivl/va_math.vpi";
S_0x56319020c870 .scope module, "test_i2c_master" "test_i2c_master" 2 2;
 .timescale 0 0;
v0x563190231390_0 .net "SCL_tb", 0 0, L_0x563190242340;  1 drivers
v0x563190231450_0 .net "SDA_tb", 0 0, L_0x563190241eb0;  1 drivers
v0x563190231520_0 .var "address_tb", 6 0;
v0x563190231620_0 .var "clk_tb", 0 0;
v0x5631902316f0_0 .var "din_tb", 7 0;
v0x563190231790_0 .net "dout_tb", 7 0, v0x563190230a10_0;  1 drivers
v0x563190231860_0 .var "rd_wr_tb", 0 0;
v0x563190231930_0 .var "reset_tb", 0 0;
v0x563190231a00_0 .var "start_tb", 0 0;
v0x563190231ad0_0 .var "stop_tb", 0 0;
S_0x56319020ca00 .scope module, "dut" "i2c_master" 2 10, 3 2 0, S_0x56319020c870;
 .timescale 0 0;
    .port_info 0 /INPUT 1 "clk";
    .port_info 1 /INPUT 1 "rd_wr";
    .port_info 2 /INPUT 1 "start";
    .port_info 3 /INPUT 1 "stop";
    .port_info 4 /INPUT 1 "reset";
    .port_info 5 /INPUT 7 "address";
    .port_info 6 /INPUT 8 "din";
    .port_info 7 /INOUT 1 "SDA";
    .port_info 8 /OUTPUT 1 "SCL";
    .port_info 9 /OUTPUT 8 "dout";
P_0x5631901f7cd0 .param/l "S0" 0 3 11, +C4<00000000000000000000000000000000>;
P_0x5631901f7d10 .param/l "S1" 0 3 11, +C4<00000000000000000000000000000001>;
P_0x5631901f7d50 .param/l "S10" 0 3 11, +C4<00000000000000000000000000001010>;
P_0x5631901f7d90 .param/l "S11" 0 3 11, +C4<00000000000000000000000000001011>;
P_0x5631901f7dd0 .param/l "S12" 0 3 11, +C4<00000000000000000000000000001100>;
P_0x5631901f7e10 .param/l "S13" 0 3 11, +C4<00000000000000000000000000001101>;
P_0x5631901f7e50 .param/l "S14" 0 3 11, +C4<00000000000000000000000000001110>;
P_0x5631901f7e90 .param/l "S2" 0 3 11, +C4<00000000000000000000000000000010>;
P_0x5631901f7ed0 .param/l "S3" 0 3 11, +C4<00000000000000000000000000000011>;
P_0x5631901f7f10 .param/l "S4" 0 3 11, +C4<00000000000000000000000000000100>;
P_0x5631901f7f50 .param/l "S5" 0 3 11, +C4<00000000000000000000000000000101>;
P_0x5631901f7f90 .param/l "S6" 0 3 11, +C4<00000000000000000000000000000110>;
P_0x5631901f7fd0 .param/l "S7" 0 3 11, +C4<00000000000000000000000000000111>;
P_0x5631901f8010 .param/l "S8" 0 3 11, +C4<00000000000000000000000000001000>;
P_0x5631901f8050 .param/l "S9" 0 3 11, +C4<00000000000000000000000000001001>;
P_0x5631901f8090 .param/l "address_phase" 0 3 11, +C4<00000000000000000000000000000000>;
P_0x5631901f80d0 .param/l "data_phase" 0 3 11, +C4<00000000000000000000000000000001>;
P_0x5631901f8110 .param/l "receiver_mode" 0 3 11, +C4<00000000000000000000000000000000>;
P_0x5631901f8150 .param/l "sender_mode" 0 3 11, +C4<00000000000000000000000000000001>;
v0x5631901fbfa0_0 .net "SCL", 0 0, L_0x563190242340;  alias, 1 drivers
v0x5631901fbe30_0 .net "SDA", 0 0, L_0x563190241eb0;  alias, 1 drivers
v0x5631901fbcc0_0 .net *"_ivl_0", 31 0, L_0x563190231ba0;  1 drivers
L_0x7f792bd4b0f0 .functor BUFT 1, C4<1>, C4<0>, C4<0>, C4<0>;
v0x5631901fbb50_0 .net/2u *"_ivl_10", 0 0, L_0x7f792bd4b0f0;  1 drivers
v0x5631901fc820_0 .net *"_ivl_14", 31 0, L_0x563190242090;  1 drivers
L_0x7f792bd4b138 .functor BUFT 1, C4<0000000000000000000000000000000>, C4<0>, C4<0>, C4<0>;
v0x5631901fc6b0_0 .net *"_ivl_17", 30 0, L_0x7f792bd4b138;  1 drivers
L_0x7f792bd4b180 .functor BUFT 1, C4<00000000000000000000000000000000>, C4<0>, C4<0>, C4<0>;
v0x5631901fc540_0 .net/2u *"_ivl_18", 31 0, L_0x7f792bd4b180;  1 drivers
v0x563190230010_0 .net *"_ivl_20", 0 0, L_0x563190242200;  1 drivers
L_0x7f792bd4b1c8 .functor BUFT 1, C4<0>, C4<0>, C4<0>, C4<0>;
v0x5631902300d0_0 .net/2u *"_ivl_22", 0 0, L_0x7f792bd4b1c8;  1 drivers
L_0x7f792bd4b210 .functor BUFT 1, C4<1>, C4<0>, C4<0>, C4<0>;
v0x5631902301b0_0 .net/2u *"_ivl_24", 0 0, L_0x7f792bd4b210;  1 drivers
L_0x7f792bd4b018 .functor BUFT 1, C4<0000000000000000000000000000000>, C4<0>, C4<0>, C4<0>;
v0x563190230290_0 .net *"_ivl_3", 30 0, L_0x7f792bd4b018;  1 drivers
L_0x7f792bd4b060 .functor BUFT 1, C4<00000000000000000000000000000000>, C4<0>, C4<0>, C4<0>;
v0x563190230370_0 .net/2u *"_ivl_4", 31 0, L_0x7f792bd4b060;  1 drivers
v0x563190230450_0 .net *"_ivl_6", 0 0, L_0x563190241d10;  1 drivers
L_0x7f792bd4b0a8 .functor BUFT 1, C4<0>, C4<0>, C4<0>, C4<0>;
v0x563190230510_0 .net/2u *"_ivl_8", 0 0, L_0x7f792bd4b0a8;  1 drivers
v0x5631902305f0_0 .var "ack", 0 0;
v0x5631902306b0_0 .net "address", 6 0, v0x563190231520_0;  1 drivers
v0x563190230790_0 .net "clk", 0 0, v0x563190231620_0;  1 drivers
v0x563190230850_0 .var "count", 2 0;
v0x563190230930_0 .net "din", 7 0, v0x5631902316f0_0;  1 drivers
v0x563190230a10_0 .var "dout", 7 0;
v0x563190230af0_0 .var "mode", 0 0;
v0x563190230bb0_0 .net "rd_wr", 0 0, v0x563190231860_0;  1 drivers
v0x563190230c70_0 .net "reset", 0 0, v0x563190231930_0;  1 drivers
v0x563190230d30_0 .var "scl", 0 0;
v0x563190230df0_0 .var "sda", 0 0;
v0x563190230eb0_0 .net "start", 0 0, v0x563190231a00_0;  1 drivers
v0x563190230f70_0 .var "state", 3 0;
v0x563190231050_0 .net "stop", 0 0, v0x563190231ad0_0;  1 drivers
v0x563190231110_0 .var "tx_reg", 7 0;
E_0x5631901f9a40 .event posedge, v0x563190230790_0;
L_0x563190231ba0 .concat [ 1 31 0 0], v0x563190230df0_0, L_0x7f792bd4b018;
L_0x563190241d10 .cmp/eq 32, L_0x563190231ba0, L_0x7f792bd4b060;
L_0x563190241eb0 .functor MUXZ 1, L_0x7f792bd4b0f0, L_0x7f792bd4b0a8, L_0x563190241d10, C4<>;
L_0x563190242090 .concat [ 1 31 0 0], v0x563190230d30_0, L_0x7f792bd4b138;
L_0x563190242200 .cmp/eq 32, L_0x563190242090, L_0x7f792bd4b180;
L_0x563190242340 .functor MUXZ 1, L_0x7f792bd4b210, L_0x7f792bd4b1c8, L_0x563190242200, C4<>;
    .scope S_0x56319020ca00;
T_0 ;
    %wait E_0x5631901f9a40;
    %load/vec4 v0x563190230c70_0;
    %flag_set/vec4 8;
    %jmp/0xz  T_0.0, 8;
    %pushi/vec4 0, 0, 3;
    %assign/vec4 v0x563190230850_0, 0;
    %pushi/vec4 0, 0, 4;
    %assign/vec4 v0x563190230f70_0, 0;
    %pushi/vec4 1, 0, 1;
    %assign/vec4 v0x563190230d30_0, 0;
    %pushi/vec4 1, 0, 1;
    %assign/vec4 v0x563190230df0_0, 0;
    %pushi/vec4 0, 0, 8;
    %assign/vec4 v0x563190230a10_0, 0;
    %jmp T_0.1;
T_0.0 ;
    %load/vec4 v0x563190230f70_0;
    %dup/vec4;
    %pushi/vec4 0, 0, 4;
    %cmp/u;
    %jmp/1 T_0.2, 6;
    %dup/vec4;
    %pushi/vec4 1, 0, 4;
    %cmp/u;
    %jmp/1 T_0.3, 6;
    %dup/vec4;
    %pushi/vec4 2, 0, 4;
    %cmp/u;
    %jmp/1 T_0.4, 6;
    %dup/vec4;
    %pushi/vec4 3, 0, 4;
    %cmp/u;
    %jmp/1 T_0.5, 6;
    %dup/vec4;
    %pushi/vec4 4, 0, 4;
    %cmp/u;
    %jmp/1 T_0.6, 6;
    %dup/vec4;
    %pushi/vec4 5, 0, 4;
    %cmp/u;
    %jmp/1 T_0.7, 6;
    %dup/vec4;
    %pushi/vec4 6, 0, 4;
    %cmp/u;
    %jmp/1 T_0.8, 6;
    %dup/vec4;
    %pushi/vec4 7, 0, 4;
    %cmp/u;
    %jmp/1 T_0.9, 6;
    %dup/vec4;
    %pushi/vec4 8, 0, 4;
    %cmp/u;
    %jmp/1 T_0.10, 6;
    %dup/vec4;
    %pushi/vec4 9, 0, 4;
    %cmp/u;
    %jmp/1 T_0.11, 6;
    %dup/vec4;
    %pushi/vec4 10, 0, 4;
    %cmp/u;
    %jmp/1 T_0.12, 6;
    %dup/vec4;
    %pushi/vec4 11, 0, 4;
    %cmp/u;
    %jmp/1 T_0.13, 6;
    %dup/vec4;
    %pushi/vec4 12, 0, 4;
    %cmp/u;
    %jmp/1 T_0.14, 6;
    %dup/vec4;
    %pushi/vec4 13, 0, 4;
    %cmp/u;
    %jmp/1 T_0.15, 6;
    %dup/vec4;
    %pushi/vec4 14, 0, 4;
    %cmp/u;
    %jmp/1 T_0.16, 6;
    %jmp T_0.17;
T_0.2 ;
    %load/vec4 v0x563190230eb0_0;
    %cmpi/e 1, 0, 1;
    %jmp/0xz  T_0.18, 4;
    %pushi/vec4 1, 0, 4;
    %assign/vec4 v0x563190230f70_0, 0;
    %jmp T_0.19;
T_0.18 ;
    %pushi/vec4 0, 0, 4;
    %assign/vec4 v0x563190230f70_0, 0;
T_0.19 ;
    %pushi/vec4 1, 0, 1;
    %assign/vec4 v0x563190230d30_0, 0;
    %pushi/vec4 1, 0, 1;
    %assign/vec4 v0x563190230df0_0, 0;
    %jmp T_0.17;
T_0.3 ;
    %pushi/vec4 2, 0, 4;
    %assign/vec4 v0x563190230f70_0, 0;
    %pushi/vec4 0, 0, 1;
    %assign/vec4 v0x563190230df0_0, 0;
    %pushi/vec4 0, 0, 3;
    %assign/vec4 v0x563190230850_0, 0;
    %load/vec4 v0x563190230bb0_0;
    %assign/vec4 v0x563190230af0_0, 0;
    %load/vec4 v0x5631902306b0_0;
    %load/vec4 v0x563190230bb0_0;
    %concat/vec4; draw_concat_vec4
    %assign/vec4 v0x563190231110_0, 0;
    %jmp T_0.17;
T_0.4 ;
    %pushi/vec4 0, 0, 1;
    %assign/vec4 v0x563190230d30_0, 0;
    %pushi/vec4 3, 0, 4;
    %assign/vec4 v0x563190230f70_0, 0;
    %load/vec4 v0x563190231110_0;
    %load/vec4 v0x563190230850_0;
    %inv;
    %part/u 1;
    %assign/vec4 v0x563190230df0_0, 0;
    %jmp T_0.17;
T_0.5 ;
    %pushi/vec4 1, 0, 1;
    %assign/vec4 v0x563190230d30_0, 0;
    %load/vec4 v0x563190230850_0;
    %addi 1, 0, 3;
    %assign/vec4 v0x563190230850_0, 0;
    %load/vec4 v0x563190230850_0;
    %pad/u 32;
    %cmpi/e 0, 0, 32;
    %jmp/0xz  T_0.20, 4;
    %pushi/vec4 4, 0, 4;
    %assign/vec4 v0x563190230f70_0, 0;
    %jmp T_0.21;
T_0.20 ;
    %pushi/vec4 2, 0, 4;
    %assign/vec4 v0x563190230f70_0, 0;
T_0.21 ;
    %jmp T_0.17;
T_0.6 ;
    %pushi/vec4 5, 0, 4;
    %assign/vec4 v0x563190230f70_0, 0;
    %pushi/vec4 0, 0, 1;
    %assign/vec4 v0x563190230d30_0, 0;
    %jmp T_0.17;
T_0.7 ;
    %pushi/vec4 1, 0, 1;
    %assign/vec4 v0x563190230d30_0, 0;
    %load/vec4 v0x5631901fbe30_0;
    %pad/u 32;
    %cmpi/e 0, 0, 32;
    %jmp/0xz  T_0.22, 4;
    %pushi/vec4 1, 0, 1;
    %assign/vec4 v0x5631902305f0_0, 0;
    %jmp T_0.23;
T_0.22 ;
    %pushi/vec4 0, 0, 1;
    %assign/vec4 v0x5631902305f0_0, 0;
T_0.23 ;
    %load/vec4 v0x5631902305f0_0;
    %pad/u 32;
    %cmpi/e 0, 0, 32;
    %jmp/0xz  T_0.24, 4;
    %pushi/vec4 0, 0, 4;
    %assign/vec4 v0x563190230f70_0, 0;
    %jmp T_0.25;
T_0.24 ;
    %load/vec4 v0x5631902305f0_0;
    %pad/u 32;
    %cmpi/e 1, 0, 32;
    %flag_get/vec4 4;
    %jmp/0 T_0.28, 4;
    %load/vec4 v0x563190230af0_0;
    %pad/u 32;
    %pushi/vec4 0, 0, 32;
    %cmp/e;
    %flag_get/vec4 4;
    %and;
T_0.28;
    %flag_set/vec4 8;
    %jmp/0xz  T_0.26, 8;
    %pushi/vec4 8, 0, 4;
    %assign/vec4 v0x563190230f70_0, 0;
    %pushi/vec4 0, 0, 8;
    %assign/vec4 v0x563190231110_0, 0;
T_0.26 ;
    %load/vec4 v0x5631902305f0_0;
    %pad/u 32;
    %cmpi/e 1, 0, 32;
    %flag_get/vec4 4;
    %jmp/0 T_0.31, 4;
    %load/vec4 v0x563190230af0_0;
    %pad/u 32;
    %pushi/vec4 1, 0, 32;
    %cmp/e;
    %flag_get/vec4 4;
    %and;
T_0.31;
    %flag_set/vec4 8;
    %jmp/0xz  T_0.29, 8;
    %pushi/vec4 6, 0, 4;
    %assign/vec4 v0x563190230f70_0, 0;
    %load/vec4 v0x563190230930_0;
    %assign/vec4 v0x563190231110_0, 0;
T_0.29 ;
T_0.25 ;
    %jmp T_0.17;
T_0.8 ;
    %pushi/vec4 0, 0, 1;
    %assign/vec4 v0x563190230d30_0, 0;
    %load/vec4 v0x563190230850_0;
    %pad/u 32;
    %cmpi/e 0, 0, 32;
    %flag_get/vec4 4;
    %jmp/0 T_0.34, 4;
    %load/vec4 v0x563190231050_0;
    %pad/u 32;
    %pushi/vec4 1, 0, 32;
    %cmp/e;
    %flag_get/vec4 4;
    %and;
T_0.34;
    %flag_set/vec4 8;
    %jmp/0xz  T_0.32, 8;
    %pushi/vec4 13, 0, 4;
    %assign/vec4 v0x563190230f70_0, 0;
    %pushi/vec4 0, 0, 1;
    %assign/vec4 v0x563190230df0_0, 0;
    %jmp T_0.33;
T_0.32 ;
    %pushi/vec4 7, 0, 4;
    %assign/vec4 v0x563190230f70_0, 0;
    %load/vec4 v0x563190231110_0;
    %load/vec4 v0x563190230850_0;
    %inv;
    %part/u 1;
    %assign/vec4 v0x563190230df0_0, 0;
T_0.33 ;
    %jmp T_0.17;
T_0.9 ;
    %pushi/vec4 1, 0, 1;
    %assign/vec4 v0x563190230d30_0, 0;
    %load/vec4 v0x563190230850_0;
    %addi 1, 0, 3;
    %assign/vec4 v0x563190230850_0, 0;
    %load/vec4 v0x563190230850_0;
    %pad/u 32;
    %cmpi/e 0, 0, 32;
    %jmp/0xz  T_0.35, 4;
    %pushi/vec4 4, 0, 4;
    %assign/vec4 v0x563190230f70_0, 0;
    %jmp T_0.36;
T_0.35 ;
    %pushi/vec4 6, 0, 4;
    %assign/vec4 v0x563190230f70_0, 0;
T_0.36 ;
    %jmp T_0.17;
T_0.10 ;
    %pushi/vec4 0, 0, 1;
    %assign/vec4 v0x563190230d30_0, 0;
    %pushi/vec4 1, 0, 1;
    %assign/vec4 v0x563190230df0_0, 0;
    %load/vec4 v0x563190231050_0;
    %pad/u 32;
    %cmpi/e 1, 0, 32;
    %jmp/0xz  T_0.37, 4;
    %pushi/vec4 13, 0, 4;
    %assign/vec4 v0x563190230f70_0, 0;
    %pushi/vec4 0, 0, 1;
    %assign/vec4 v0x563190230df0_0, 0;
    %jmp T_0.38;
T_0.37 ;
    %pushi/vec4 9, 0, 4;
    %assign/vec4 v0x563190230f70_0, 0;
T_0.38 ;
    %jmp T_0.17;
T_0.11 ;
    %pushi/vec4 1, 0, 1;
    %assign/vec4 v0x563190230d30_0, 0;
    %load/vec4 v0x5631901fbe30_0;
    %ix/load 5, 0, 0;
    %load/vec4 v0x563190230850_0;
    %inv;
    %ix/vec4 4;
    %assign/vec4/off/d v0x563190231110_0, 4, 5;
    %load/vec4 v0x563190230850_0;
    %pad/u 32;
    %cmpi/e 7, 0, 32;
    %jmp/0xz  T_0.39, 4;
    %pushi/vec4 11, 0, 4;
    %assign/vec4 v0x563190230f70_0, 0;
    %jmp T_0.40;
T_0.39 ;
    %pushi/vec4 10, 0, 4;
    %assign/vec4 v0x563190230f70_0, 0;
T_0.40 ;
    %jmp T_0.17;
T_0.12 ;
    %pushi/vec4 0, 0, 1;
    %assign/vec4 v0x563190230d30_0, 0;
    %load/vec4 v0x563190230850_0;
    %addi 1, 0, 3;
    %assign/vec4 v0x563190230850_0, 0;
    %pushi/vec4 9, 0, 4;
    %assign/vec4 v0x563190230f70_0, 0;
    %jmp T_0.17;
T_0.13 ;
    %pushi/vec4 0, 0, 1;
    %assign/vec4 v0x563190230d30_0, 0;
    %pushi/vec4 0, 0, 1;
    %assign/vec4 v0x563190230df0_0, 0;
    %pushi/vec4 0, 0, 3;
    %assign/vec4 v0x563190230850_0, 0;
    %pushi/vec4 12, 0, 4;
    %assign/vec4 v0x563190230f70_0, 0;
    %jmp T_0.17;
T_0.14 ;
    %pushi/vec4 1, 0, 1;
    %assign/vec4 v0x563190230d30_0, 0;
    %load/vec4 v0x563190231110_0;
    %assign/vec4 v0x563190230a10_0, 0;
    %pushi/vec4 8, 0, 4;
    %assign/vec4 v0x563190230f70_0, 0;
    %jmp T_0.17;
T_0.15 ;
    %pushi/vec4 1, 0, 1;
    %assign/vec4 v0x563190230d30_0, 0;
    %pushi/vec4 14, 0, 4;
    %assign/vec4 v0x563190230f70_0, 0;
    %jmp T_0.17;
T_0.16 ;
    %pushi/vec4 1, 0, 1;
    %assign/vec4 v0x563190230df0_0, 0;
    %pushi/vec4 0, 0, 4;
    %assign/vec4 v0x563190230f70_0, 0;
    %jmp T_0.17;
T_0.17 ;
    %pop/vec4 1;
T_0.1 ;
    %jmp T_0;
    .thread T_0;
    .scope S_0x56319020c870;
T_1 ;
    %vpi_call 2 25 "$dumpfile", "i2c.vcd" {0 0 0};
    %vpi_call 2 26 "$dumpvars", 32'sb00000000000000000000000000000000, S_0x56319020c870 {0 0 0};
    %delay 1000, 0;
    %vpi_call 2 28 "$finish" {0 0 0};
    %end;
    .thread T_1;
    .scope S_0x56319020c870;
T_2 ;
T_2.0 ;
    %delay 5, 0;
    %load/vec4 v0x563190231620_0;
    %inv;
    %store/vec4 v0x563190231620_0, 0, 1;
    %jmp T_2.0;
    %end;
    .thread T_2;
    .scope S_0x56319020c870;
T_3 ;
    %pushi/vec4 0, 0, 1;
    %store/vec4 v0x563190231620_0, 0, 1;
    %pushi/vec4 0, 0, 1;
    %store/vec4 v0x563190231860_0, 0, 1;
    %pushi/vec4 0, 0, 1;
    %store/vec4 v0x563190231a00_0, 0, 1;
    %pushi/vec4 0, 0, 1;
    %store/vec4 v0x563190231ad0_0, 0, 1;
    %pushi/vec4 0, 0, 1;
    %store/vec4 v0x563190231930_0, 0, 1;
    %pushi/vec4 0, 0, 7;
    %store/vec4 v0x563190231520_0, 0, 7;
    %pushi/vec4 0, 0, 8;
    %store/vec4 v0x5631902316f0_0, 0, 8;
    %end;
    .thread T_3;
    .scope S_0x56319020c870;
T_4 ;
    %delay 10, 0;
    %pushi/vec4 1, 0, 1;
    %store/vec4 v0x563190231930_0, 0, 1;
    %delay 10, 0;
    %pushi/vec4 0, 0, 1;
    %store/vec4 v0x563190231930_0, 0, 1;
    %delay 10, 0;
    %pushi/vec4 1, 0, 1;
    %store/vec4 v0x563190231a00_0, 0, 1;
    %pushi/vec4 1, 0, 1;
    %store/vec4 v0x563190231860_0, 0, 1;
    %pushi/vec4 13, 0, 7;
    %store/vec4 v0x563190231520_0, 0, 7;
    %pushi/vec4 18, 0, 8;
    %store/vec4 v0x5631902316f0_0, 0, 8;
    %end;
    .thread T_4;
# The file index is used to find the file name in the following table.
:file_names 4;
    "N/A";
    "<interactive>";
    "i2c_tb.v";
    "i2c_master.v";
